d:\03 github\剑指offer\03.解决面试题的思路\03.解决面试题的思路\debug\vc140.pdb
d:\03 github\剑指offer\03.解决面试题的思路\03.解决面试题的思路\debug\vc140.idb
d:\03 github\剑指offer\03.解决面试题的思路\03.解决面试题的思路\debug\02.对称的二叉树.obj
d:\03 github\剑指offer\03.解决面试题的思路\03.解决面试题的思路\debug\04.包含min函数的栈.obj
d:\03 github\剑指offer\03.解决面试题的思路\03.解决面试题的思路\debug\05.栈的压入、弹出序列.obj
d:\03 github\剑指offer\03.解决面试题的思路\03.解决面试题的思路\debug\06_1.从上到下打印二叉树.obj
d:\03 github\剑指offer\03.解决面试题的思路\03.解决面试题的思路\debug\06_2.分行从上到下打印二叉树.obj
d:\03 github\剑指offer\03.解决面试题的思路\03.解决面试题的思路\debug\06_3.按之字形顺序打印二叉树.obj
d:\03 github\剑指offer\03.解决面试题的思路\03.解决面试题的思路\debug\07.二叉搜索树的后序遍历序列.obj
d:\03 github\剑指offer\03.解决面试题的思路\03.解决面试题的思路\debug\08.二叉树和为某一值的路径.obj
d:\03 github\剑指offer\03.解决面试题的思路\03.解决面试题的思路\debug\09.复杂链表的复制.obj
d:\03 github\剑指offer\03.解决面试题的思路\03.解决面试题的思路\debug\test.obj
d:\03 github\剑指offer\03.解决面试题的思路\03.解决面试题的思路\debug\03.解决面试题的思路.ilk
d:\03 github\剑指offer\03.解决面试题的思路\03.解决面试题的思路\debug\03.解决面试题的思路.exe
d:\03 github\剑指offer\03.解决面试题的思路\03.解决面试题的思路\debug\03.解决面试题的思路.pdb
d:\03 github\剑指offer\03.解决面试题的思路\03.解决面试题的思路\debug\03.解决面试题的思路.tlog\cl.command.1.tlog
d:\03 github\剑指offer\03.解决面试题的思路\03.解决面试题的思路\debug\03.解决面试题的思路.tlog\cl.read.1.tlog
d:\03 github\剑指offer\03.解决面试题的思路\03.解决面试题的思路\debug\03.解决面试题的思路.tlog\cl.write.1.tlog
d:\03 github\剑指offer\03.解决面试题的思路\03.解决面试题的思路\debug\03.解决面试题的思路.tlog\link.command.1.tlog
d:\03 github\剑指offer\03.解决面试题的思路\03.解决面试题的思路\debug\03.解决面试题的思路.tlog\link.read.1.tlog
d:\03 github\剑指offer\03.解决面试题的思路\03.解决面试题的思路\debug\03.解决面试题的思路.tlog\link.write.1.tlog
